2025-07-12 02:35:45,337 - runner - INFO - 🚀 Starting Signal Runner
2025-07-12 02:35:47,469 - strategies - INFO - VWAP Breakout: No valid signal for BTC/USDT 5m
2025-07-12 02:35:47,470 - strategies - INFO - EMA Cross: No valid signal for BTC/USDT 5m
2025-07-12 02:35:47,472 - strategies - INFO - RSI Divergence: No valid signal for BTC/USDT 5m
2025-07-12 02:35:47,473 - strategies - INFO - Support/Resistance Break: No valid signal for BTC/USDT 5m
2025-07-12 02:35:47,474 - strategies - INFO - Bollinger Squeeze: No valid signal for BTC/USDT 5m
2025-07-12 02:35:48,445 - strategies - INFO - VWAP Breakout: No valid signal for BTC/USDT 15m
2025-07-12 02:35:48,446 - strategies - INFO - EMA Cross: No valid signal for BTC/USDT 15m
2025-07-12 02:35:48,448 - strategies - INFO - RSI Divergence: No valid signal for BTC/USDT 15m
2025-07-12 02:35:48,449 - strategies - INFO - Support/Resistance Break: No valid signal for BTC/USDT 15m
2025-07-12 02:35:48,450 - strategies - INFO - Bollinger Squeeze: No valid signal for BTC/USDT 15m
2025-07-12 02:35:49,452 - strategies - INFO - VWAP Breakout: No valid signal for ETH/USDT 5m
2025-07-12 02:35:49,453 - strategies - INFO - EMA Cross: No valid signal for ETH/USDT 5m
2025-07-12 02:35:49,455 - strategies - INFO - RSI Divergence: No valid signal for ETH/USDT 5m
2025-07-12 02:35:49,456 - strategies - INFO - Support/Resistance Break: No valid signal for ETH/USDT 5m
2025-07-12 02:35:49,457 - strategies - INFO - Bollinger Squeeze: No valid signal for ETH/USDT 5m
2025-07-12 02:35:50,539 - strategies - INFO - VWAP Breakout: No valid signal for ETH/USDT 15m
2025-07-12 02:35:50,539 - strategies - INFO - EMA Cross: No valid signal for ETH/USDT 15m
2025-07-12 02:35:50,542 - strategies - INFO - RSI Divergence: No valid signal for ETH/USDT 15m
2025-07-12 02:35:50,543 - strategies - INFO - Support/Resistance Break: No valid signal for ETH/USDT 15m
2025-07-12 02:35:50,544 - strategies - INFO - Bollinger Squeeze: No valid signal for ETH/USDT 15m
2025-07-12 02:35:51,540 - strategies - INFO - VWAP Breakout: No valid signal for DOGE/USDT 5m
2025-07-12 02:35:51,540 - strategies - INFO - EMA Cross: No valid signal for DOGE/USDT 5m
2025-07-12 02:35:51,542 - strategies - INFO - RSI Divergence: No valid signal for DOGE/USDT 5m
2025-07-12 02:35:51,543 - strategies - INFO - Support/Resistance Break: No valid signal for DOGE/USDT 5m
2025-07-12 02:35:51,544 - strategies - INFO - Bollinger Squeeze: No valid signal for DOGE/USDT 5m
2025-07-12 02:35:52,534 - strategies - INFO - VWAP Breakout: No valid signal for DOGE/USDT 15m
2025-07-12 02:35:52,534 - strategies - INFO - EMA Cross: No valid signal for DOGE/USDT 15m
2025-07-12 02:35:52,536 - strategies - INFO - RSI Divergence: No valid signal for DOGE/USDT 15m
2025-07-12 02:35:52,537 - strategies - INFO - Support/Resistance Break: No valid signal for DOGE/USDT 15m
2025-07-12 02:35:52,538 - strategies - INFO - Bollinger Squeeze: No valid signal for DOGE/USDT 15m
