2025-07-08 12:23:53,856 - strategies - WARNING - Trend reversal detected for ETH/USDT RSI Divergence
2025-07-08 12:23:53,857 - strategies - WARNING - Momentum crash (RSI=58.1) for ETH/USDT
2025-07-08 12:23:53,858 - strategies - INFO - Generated RSI Divergence signal for ETH/USDT 5m
2025-07-08 12:28:54,784 - strategies - INFO - Generated EMA Cross signal for BTC/USDT 5m
2025-07-08 12:28:55,224 - strategies - WARNING - Trend reversal detected for ETH/USDT RSI Divergence
2025-07-08 12:28:55,225 - strategies - WARNING - Momentum crash (RSI=55.5) for ETH/USDT
2025-07-08 12:28:55,225 - strategies - INFO - Generated RSI Divergence signal for ETH/USDT 5m
2025-07-08 12:44:01,212 - strategies - WARNING - Trend reversal detected for SOL/USDT RSI Divergence
2025-07-08 12:44:01,213 - strategies - WARNING - Momentum crash (RSI=56.5) for SOL/USDT
2025-07-08 12:44:01,213 - strategies - INFO - Generated RSI Divergence signal for SOL/USDT 3m
2025-07-08 12:49:01,704 - strategies - INFO - Generated EMA Cross signal for BTC/USDT 3m
2025-07-08 12:49:01,860 - strategies - INFO - Generated EMA Cross signal for BTC/USDT 5m
2025-07-08 12:49:02,312 - strategies - INFO - Generated Bollinger Band Squeeze signal for ETH/USDT 5m
2025-07-08 23:02:10,867 - strategies - INFO - Generated EMA Cross signal for SOL/USDT 15m
2025-07-08 23:05:11,018 - strategies - WARNING - Trend reversal detected for BTC/USDT RSI Divergence
2025-07-08 23:05:11,020 - strategies - WARNING - Momentum crash (RSI=55.5) for BTC/USDT
2025-07-08 23:05:11,020 - strategies - INFO - Generated RSI Divergence signal for BTC/USDT 3m
2025-07-08 23:05:25,979 - strategies - WARNING - Trend reversal detected for BTC/USDT RSI Divergence
2025-07-08 23:05:25,981 - strategies - INFO - Generated RSI Divergence signal for BTC/USDT 3m
2025-07-08 23:08:12,365 - strategies - WARNING - Trend reversal detected for BTC/USDT RSI Divergence
2025-07-08 23:08:12,367 - strategies - WARNING - Momentum crash (RSI=57.9) for BTC/USDT
2025-07-08 23:08:12,367 - strategies - INFO - Generated RSI Divergence signal for BTC/USDT 3m
2025-07-08 23:08:27,304 - strategies - WARNING - Trend reversal detected for BTC/USDT RSI Divergence
2025-07-08 23:08:27,305 - strategies - WARNING - Momentum crash (RSI=61.0) for BTC/USDT
2025-07-08 23:08:27,305 - strategies - INFO - Generated RSI Divergence signal for BTC/USDT 3m
2025-07-08 23:08:27,883 - strategies - INFO - Generated Bollinger Band Squeeze signal for ETH/USDT 5m
2025-07-08 23:08:28,468 - strategies - INFO - Generated EMA Cross signal for SOL/USDT 15m
2025-07-08 23:11:13,675 - strategies - WARNING - Trend reversal detected for BTC/USDT RSI Divergence
2025-07-08 23:11:13,676 - strategies - WARNING - Momentum crash (RSI=63.1) for BTC/USDT
2025-07-08 23:11:13,677 - strategies - INFO - Generated RSI Divergence signal for BTC/USDT 3m
2025-07-08 23:11:13,680 - strategies - INFO - Generated Bollinger Band Squeeze signal for BTC/USDT 3m
2025-07-08 23:11:14,847 - strategies - INFO - Generated EMA Cross signal for SOL/USDT 15m
2025-07-08 23:11:28,624 - strategies - WARNING - Trend reversal detected for BTC/USDT RSI Divergence
2025-07-08 23:11:28,626 - strategies - WARNING - Momentum crash (RSI=63.1) for BTC/USDT
2025-07-08 23:11:28,626 - strategies - INFO - Generated RSI Divergence signal for BTC/USDT 3m
2025-07-08 23:11:28,629 - strategies - INFO - Generated Bollinger Band Squeeze signal for BTC/USDT 3m
2025-07-08 23:11:29,813 - strategies - INFO - Generated EMA Cross signal for SOL/USDT 15m
2025-07-08 23:14:14,997 - strategies - WARNING - Trend reversal detected for BTC/USDT RSI Divergence
2025-07-08 23:14:14,998 - strategies - WARNING - Momentum crash (RSI=56.1) for BTC/USDT
2025-07-08 23:14:14,999 - strategies - INFO - Generated RSI Divergence signal for BTC/USDT 3m
2025-07-08 23:14:16,184 - strategies - INFO - Generated EMA Cross signal for SOL/USDT 15m
2025-07-08 23:14:29,969 - strategies - WARNING - Trend reversal detected for BTC/USDT RSI Divergence
2025-07-08 23:14:29,970 - strategies - WARNING - Momentum crash (RSI=56.1) for BTC/USDT
2025-07-08 23:14:29,970 - strategies - INFO - Generated RSI Divergence signal for BTC/USDT 3m
2025-07-08 23:14:31,159 - strategies - INFO - Generated EMA Cross signal for SOL/USDT 15m
2025-07-08 23:17:16,334 - strategies - WARNING - Trend reversal detected for BTC/USDT RSI Divergence
2025-07-08 23:17:16,335 - strategies - WARNING - Momentum crash (RSI=61.8) for BTC/USDT
2025-07-08 23:17:16,335 - strategies - INFO - Generated RSI Divergence signal for BTC/USDT 3m
2025-07-08 23:17:16,491 - strategies - INFO - Generated RSI Divergence signal for BTC/USDT 5m
2025-07-08 23:17:31,338 - strategies - WARNING - Trend reversal detected for BTC/USDT RSI Divergence
2025-07-08 23:17:31,339 - strategies - WARNING - Momentum crash (RSI=61.8) for BTC/USDT
2025-07-08 23:17:31,339 - strategies - INFO - Generated RSI Divergence signal for BTC/USDT 3m
2025-07-08 23:17:31,516 - strategies - INFO - Generated RSI Divergence signal for BTC/USDT 5m
2025-07-08 23:20:17,814 - strategies - INFO - Generated RSI Divergence signal for BTC/USDT 5m
2025-07-08 23:20:33,037 - strategies - INFO - Generated RSI Divergence signal for BTC/USDT 5m
2025-07-08 23:23:19,141 - strategies - INFO - Generated RSI Divergence signal for BTC/USDT 5m
2025-07-08 23:23:19,860 - strategies - WARNING - Trend reversal detected for SOL/USDT RSI Divergence
2025-07-08 23:23:19,862 - strategies - WARNING - Momentum crash (RSI=58.9) for SOL/USDT
2025-07-08 23:23:19,862 - strategies - INFO - Generated RSI Divergence signal for SOL/USDT 3m
2025-07-08 23:23:34,537 - strategies - INFO - Generated RSI Divergence signal for BTC/USDT 5m
2025-07-08 23:23:35,359 - strategies - WARNING - Trend reversal detected for SOL/USDT RSI Divergence
2025-07-08 23:23:35,360 - strategies - WARNING - Momentum crash (RSI=58.9) for SOL/USDT
2025-07-08 23:23:35,360 - strategies - INFO - Generated RSI Divergence signal for SOL/USDT 3m
2025-07-08 23:26:20,451 - strategies - INFO - Generated RSI Divergence signal for BTC/USDT 5m
2025-07-08 23:26:21,200 - strategies - WARNING - Trend reversal detected for SOL/USDT RSI Divergence
2025-07-08 23:26:21,201 - strategies - WARNING - Momentum crash (RSI=57.5) for SOL/USDT
2025-07-08 23:26:21,201 - strategies - INFO - Generated RSI Divergence signal for SOL/USDT 3m
2025-07-08 23:26:36,040 - strategies - INFO - Generated RSI Divergence signal for BTC/USDT 5m
2025-07-08 23:26:36,882 - strategies - WARNING - Trend reversal detected for SOL/USDT RSI Divergence
2025-07-08 23:26:36,883 - strategies - WARNING - Momentum crash (RSI=56.0) for SOL/USDT
2025-07-08 23:26:36,883 - strategies - INFO - Generated RSI Divergence signal for SOL/USDT 3m
2025-07-08 23:29:21,833 - strategies - WARNING - Trend reversal detected for BTC/USDT VWAP Breakout
2025-07-08 23:29:21,835 - strategies - INFO - Generated VWAP Breakout signal for BTC/USDT 5m
2025-07-08 23:29:21,838 - strategies - WARNING - Momentum crash (RSI=44.9) for BTC/USDT
2025-07-08 23:29:21,838 - strategies - INFO - Generated RSI Divergence signal for BTC/USDT 5m
2025-07-08 23:29:22,665 - strategies - WARNING - Trend reversal detected for SOL/USDT RSI Divergence
2025-07-08 23:29:22,667 - strategies - INFO - Generated RSI Divergence signal for SOL/USDT 3m
2025-07-08 23:29:37,369 - strategies - WARNING - Trend reversal detected for BTC/USDT Bollinger Band Squeeze
2025-07-08 23:29:37,370 - strategies - INFO - Generated Bollinger Band Squeeze signal for BTC/USDT 3m
2025-07-08 23:29:37,518 - strategies - WARNING - Trend reversal detected for BTC/USDT VWAP Breakout
2025-07-08 23:29:37,520 - strategies - INFO - Generated VWAP Breakout signal for BTC/USDT 5m
2025-07-08 23:29:37,523 - strategies - INFO - Generated RSI Divergence signal for BTC/USDT 5m
2025-07-08 23:29:38,264 - strategies - WARNING - Trend reversal detected for SOL/USDT RSI Divergence
2025-07-08 23:29:38,265 - strategies - INFO - Generated RSI Divergence signal for SOL/USDT 3m
2025-07-08 23:32:23,341 - strategies - INFO - Generated RSI Divergence signal for BTC/USDT 5m
2025-07-08 23:32:38,851 - strategies - INFO - Generated RSI Divergence signal for BTC/USDT 5m
2025-07-08 23:35:25,159 - strategies - INFO - Generated VWAP Breakout signal for ETH/USDT 3m
2025-07-08 23:35:40,475 - strategies - INFO - Generated VWAP Breakout signal for ETH/USDT 3m
2025-07-08 23:41:28,132 - strategies - INFO - Generated Bollinger Band Squeeze signal for ETH/USDT 3m
2025-07-08 23:41:43,388 - strategies - INFO - Generated Bollinger Band Squeeze signal for ETH/USDT 3m
2025-07-08 23:52:08,801 - strategies - INFO - VWAP Breakout: No valid signal for BTC/USDT 3m
2025-07-08 23:52:08,802 - strategies - INFO - EMA Cross: No valid signal for BTC/USDT 3m
2025-07-08 23:52:08,804 - strategies - INFO - RSI Divergence: No valid signal for BTC/USDT 3m
2025-07-08 23:52:08,805 - strategies - INFO - Support/Resistance Break: No valid signal for BTC/USDT 3m
2025-07-08 23:52:08,806 - strategies - INFO - Bollinger Squeeze: No valid signal for BTC/USDT 3m
2025-07-08 23:52:08,945 - strategies - INFO - VWAP Breakout: No valid signal for BTC/USDT 5m
2025-07-08 23:52:08,946 - strategies - INFO - EMA Cross: No valid signal for BTC/USDT 5m
2025-07-08 23:52:08,948 - strategies - INFO - RSI Divergence: No valid signal for BTC/USDT 5m
2025-07-08 23:52:08,949 - strategies - INFO - Support/Resistance Break: No valid signal for BTC/USDT 5m
2025-07-08 23:52:08,950 - strategies - INFO - Bollinger Squeeze: No valid signal for BTC/USDT 5m
2025-07-08 23:52:09,090 - strategies - INFO - VWAP Breakout: No valid signal for BTC/USDT 15m
2025-07-08 23:52:09,091 - strategies - INFO - EMA Cross: No valid signal for BTC/USDT 15m
2025-07-08 23:52:09,092 - strategies - INFO - RSI Divergence: No valid signal for BTC/USDT 15m
2025-07-08 23:52:09,093 - strategies - INFO - Support/Resistance Break: No valid signal for BTC/USDT 15m
2025-07-08 23:52:09,094 - strategies - INFO - Bollinger Squeeze: No valid signal for BTC/USDT 15m
2025-07-08 23:52:09,234 - strategies - INFO - VWAP Breakout: No valid signal for ETH/USDT 3m
2025-07-08 23:52:09,235 - strategies - INFO - EMA Cross: No valid signal for ETH/USDT 3m
2025-07-08 23:52:09,236 - strategies - INFO - RSI Divergence: No valid signal for ETH/USDT 3m
2025-07-08 23:52:09,237 - strategies - INFO - Support/Resistance Break: No valid signal for ETH/USDT 3m
2025-07-08 23:52:09,238 - strategies - INFO - Bollinger Squeeze: No valid signal for ETH/USDT 3m
2025-07-08 23:52:09,378 - strategies - INFO - VWAP Breakout: No valid signal for ETH/USDT 5m
2025-07-08 23:52:09,379 - strategies - INFO - EMA Cross: No valid signal for ETH/USDT 5m
2025-07-08 23:52:09,381 - strategies - INFO - RSI Divergence: No valid signal for ETH/USDT 5m
2025-07-08 23:52:09,381 - strategies - INFO - Support/Resistance Break: No valid signal for ETH/USDT 5m
2025-07-08 23:52:09,383 - strategies - INFO - Bollinger Squeeze: No valid signal for ETH/USDT 5m
2025-07-08 23:52:09,520 - strategies - INFO - VWAP Breakout: No valid signal for ETH/USDT 15m
2025-07-08 23:52:09,521 - strategies - INFO - EMA Cross: No valid signal for ETH/USDT 15m
2025-07-08 23:52:09,522 - strategies - INFO - RSI Divergence: No valid signal for ETH/USDT 15m
2025-07-08 23:52:09,523 - strategies - INFO - Support/Resistance Break: No valid signal for ETH/USDT 15m
2025-07-08 23:52:09,524 - strategies - INFO - Bollinger Squeeze: No valid signal for ETH/USDT 15m
2025-07-08 23:52:09,669 - strategies - INFO - VWAP Breakout: No valid signal for SOL/USDT 3m
2025-07-08 23:52:09,669 - strategies - INFO - EMA Cross: No valid signal for SOL/USDT 3m
2025-07-08 23:52:09,671 - strategies - INFO - RSI Divergence: No valid signal for SOL/USDT 3m
2025-07-08 23:52:09,672 - strategies - INFO - Support/Resistance Break: No valid signal for SOL/USDT 3m
2025-07-08 23:52:09,673 - strategies - INFO - Bollinger Squeeze: No valid signal for SOL/USDT 3m
2025-07-08 23:52:09,812 - strategies - INFO - VWAP Breakout: No valid signal for SOL/USDT 5m
2025-07-08 23:52:09,813 - strategies - INFO - EMA Cross: No valid signal for SOL/USDT 5m
2025-07-08 23:52:09,814 - strategies - INFO - RSI Divergence: No valid signal for SOL/USDT 5m
2025-07-08 23:52:09,815 - strategies - INFO - Support/Resistance Break: No valid signal for SOL/USDT 5m
2025-07-08 23:52:09,816 - strategies - INFO - Bollinger Squeeze: No valid signal for SOL/USDT 5m
2025-07-08 23:52:09,958 - strategies - INFO - VWAP Breakout: No valid signal for SOL/USDT 15m
2025-07-08 23:52:09,958 - strategies - INFO - EMA Cross: No valid signal for SOL/USDT 15m
2025-07-08 23:52:09,960 - strategies - INFO - RSI Divergence: No valid signal for SOL/USDT 15m
2025-07-08 23:52:09,961 - strategies - INFO - Support/Resistance Break: No valid signal for SOL/USDT 15m
2025-07-08 23:52:09,962 - strategies - INFO - Bollinger Squeeze: No valid signal for SOL/USDT 15m
2025-07-08 23:56:35,347 - strategies - WARNING - Trend reversal detected for ETH/USDT RSI Divergence
2025-07-08 23:56:35,349 - strategies - WARNING - Momentum crash (RSI=58.7) for ETH/USDT
2025-07-08 23:56:35,349 - strategies - INFO - Generated RSI Divergence signal for ETH/USDT 5m
2025-07-08 23:56:35,655 - strategies - WARNING - Trend reversal detected for SOL/USDT RSI Divergence
2025-07-08 23:56:35,657 - strategies - WARNING - Momentum crash (RSI=62.4) for SOL/USDT
2025-07-08 23:56:35,657 - strategies - INFO - Generated RSI Divergence signal for SOL/USDT 3m
2025-07-08 23:56:50,554 - strategies - WARNING - Trend reversal detected for ETH/USDT RSI Divergence
2025-07-08 23:56:50,555 - strategies - WARNING - Momentum crash (RSI=58.0) for ETH/USDT
2025-07-08 23:56:50,556 - strategies - INFO - Generated RSI Divergence signal for ETH/USDT 5m
2025-07-08 23:56:50,849 - strategies - WARNING - Trend reversal detected for SOL/USDT RSI Divergence
2025-07-08 23:56:50,851 - strategies - WARNING - Momentum crash (RSI=61.8) for SOL/USDT
2025-07-08 23:56:50,851 - strategies - INFO - Generated RSI Divergence signal for SOL/USDT 3m
2025-07-08 23:59:36,088 - strategies - WARNING - Trend reversal detected for BTC/USDT VWAP Breakout
2025-07-08 23:59:36,089 - strategies - INFO - Generated VWAP Breakout signal for BTC/USDT 3m
2025-07-08 23:59:36,236 - strategies - WARNING - Trend reversal detected for BTC/USDT VWAP Breakout
2025-07-08 23:59:36,238 - strategies - INFO - Generated VWAP Breakout signal for BTC/USDT 5m
2025-07-08 23:59:36,689 - strategies - WARNING - Trend reversal detected for ETH/USDT RSI Divergence
2025-07-08 23:59:36,691 - strategies - WARNING - Momentum crash (RSI=55.8) for ETH/USDT
2025-07-08 23:59:36,691 - strategies - INFO - Generated RSI Divergence signal for ETH/USDT 5m
2025-07-08 23:59:36,980 - strategies - WARNING - Trend reversal detected for SOL/USDT RSI Divergence
2025-07-08 23:59:36,981 - strategies - WARNING - Momentum crash (RSI=57.2) for SOL/USDT
2025-07-08 23:59:36,981 - strategies - INFO - Generated RSI Divergence signal for SOL/USDT 3m
2025-07-08 23:59:51,301 - strategies - WARNING - Trend reversal detected for BTC/USDT VWAP Breakout
2025-07-08 23:59:51,303 - strategies - INFO - Generated VWAP Breakout signal for BTC/USDT 3m
2025-07-08 23:59:51,475 - strategies - WARNING - Trend reversal detected for BTC/USDT VWAP Breakout
2025-07-08 23:59:51,477 - strategies - INFO - Generated VWAP Breakout signal for BTC/USDT 5m
2025-07-08 23:59:51,972 - strategies - WARNING - Trend reversal detected for ETH/USDT RSI Divergence
2025-07-08 23:59:51,974 - strategies - WARNING - Momentum crash (RSI=56.2) for ETH/USDT
2025-07-08 23:59:51,974 - strategies - INFO - Generated RSI Divergence signal for ETH/USDT 5m
2025-07-08 23:59:52,306 - strategies - WARNING - Trend reversal detected for SOL/USDT RSI Divergence
2025-07-08 23:59:52,308 - strategies - WARNING - Momentum crash (RSI=56.2) for SOL/USDT
2025-07-08 23:59:52,308 - strategies - INFO - Generated RSI Divergence signal for SOL/USDT 3m
2025-07-09 00:02:38,005 - strategies - WARNING - Trend reversal detected for ETH/USDT RSI Divergence
2025-07-09 00:02:38,006 - strategies - INFO - Generated RSI Divergence signal for ETH/USDT 5m
2025-07-09 00:02:38,306 - strategies - WARNING - Trend reversal detected for SOL/USDT RSI Divergence
2025-07-09 00:02:38,307 - strategies - INFO - Generated RSI Divergence signal for SOL/USDT 3m
2025-07-09 00:02:53,463 - strategies - WARNING - Trend reversal detected for ETH/USDT RSI Divergence
2025-07-09 00:02:53,465 - strategies - INFO - Generated RSI Divergence signal for ETH/USDT 5m
2025-07-09 00:02:53,797 - strategies - WARNING - Trend reversal detected for SOL/USDT RSI Divergence
2025-07-09 00:02:53,798 - strategies - INFO - Generated RSI Divergence signal for SOL/USDT 3m
2025-07-09 00:05:38,749 - strategies - INFO - Generated EMA Cross signal for BTC/USDT 3m
2025-07-09 00:05:39,347 - strategies - WARNING - Trend reversal detected for ETH/USDT RSI Divergence
2025-07-09 00:05:39,348 - strategies - INFO - Generated RSI Divergence signal for ETH/USDT 5m
2025-07-09 00:05:39,649 - strategies - WARNING - Trend reversal detected for SOL/USDT RSI Divergence
2025-07-09 00:05:39,651 - strategies - INFO - Generated RSI Divergence signal for SOL/USDT 3m
2025-07-09 00:05:54,300 - strategies - INFO - Generated EMA Cross signal for BTC/USDT 3m
2025-07-09 00:05:54,970 - strategies - WARNING - Trend reversal detected for ETH/USDT RSI Divergence
2025-07-09 00:05:54,972 - strategies - INFO - Generated RSI Divergence signal for ETH/USDT 5m
2025-07-09 00:05:55,316 - strategies - WARNING - Trend reversal detected for SOL/USDT RSI Divergence
2025-07-09 00:05:55,319 - strategies - INFO - Generated RSI Divergence signal for SOL/USDT 3m
2025-07-09 00:08:40,689 - strategies - WARNING - Trend reversal detected for ETH/USDT RSI Divergence
2025-07-09 00:08:40,690 - strategies - INFO - Generated RSI Divergence signal for ETH/USDT 5m
2025-07-09 00:08:40,995 - strategies - WARNING - Trend reversal detected for SOL/USDT RSI Divergence
2025-07-09 00:08:40,996 - strategies - INFO - Generated RSI Divergence signal for SOL/USDT 3m
2025-07-09 00:08:56,450 - strategies - WARNING - Trend reversal detected for ETH/USDT RSI Divergence
2025-07-09 00:08:56,452 - strategies - INFO - Generated RSI Divergence signal for ETH/USDT 5m
2025-07-09 00:08:56,776 - strategies - WARNING - Trend reversal detected for SOL/USDT RSI Divergence
2025-07-09 00:08:56,778 - strategies - INFO - Generated RSI Divergence signal for SOL/USDT 3m
2025-07-09 00:14:42,897 - strategies - WARNING - Trend reversal detected for BTC/USDT Bollinger Band Squeeze
2025-07-09 00:14:42,899 - strategies - INFO - Generated Bollinger Band Squeeze signal for BTC/USDT 5m
2025-07-09 00:14:58,711 - strategies - WARNING - Trend reversal detected for BTC/USDT Bollinger Band Squeeze
2025-07-09 00:14:58,713 - strategies - INFO - Generated Bollinger Band Squeeze signal for BTC/USDT 5m
2025-07-09 00:17:44,226 - strategies - INFO - Generated EMA Cross signal for BTC/USDT 5m
2025-07-09 00:17:44,533 - strategies - INFO - Generated EMA Cross signal for ETH/USDT 3m
2025-07-09 00:17:44,987 - strategies - INFO - Generated EMA Cross signal for SOL/USDT 3m
2025-07-09 00:18:00,050 - strategies - INFO - Generated EMA Cross signal for BTC/USDT 5m
2025-07-09 00:18:00,340 - strategies - INFO - Generated EMA Cross signal for ETH/USDT 3m
2025-07-09 00:18:00,776 - strategies - INFO - Generated EMA Cross signal for SOL/USDT 3m
2025-07-09 00:23:47,342 - strategies - INFO - Generated EMA Cross signal for ETH/USDT 5m
2025-07-09 00:23:47,648 - strategies - INFO - Generated EMA Cross signal for SOL/USDT 3m
2025-07-09 00:24:03,118 - strategies - INFO - Generated EMA Cross signal for ETH/USDT 5m
2025-07-09 00:24:03,408 - strategies - WARNING - Trend reversal detected for SOL/USDT RSI Divergence
2025-07-09 00:24:03,409 - strategies - INFO - Generated RSI Divergence signal for SOL/USDT 3m
2025-07-09 00:26:48,975 - strategies - WARNING - Trend reversal detected for SOL/USDT RSI Divergence
2025-07-09 00:26:48,976 - strategies - INFO - Generated RSI Divergence signal for SOL/USDT 3m
2025-07-09 00:27:04,719 - strategies - WARNING - Trend reversal detected for SOL/USDT RSI Divergence
2025-07-09 00:27:04,720 - strategies - WARNING - Momentum crash (RSI=44.3) for SOL/USDT
2025-07-09 00:27:04,720 - strategies - INFO - Generated RSI Divergence signal for SOL/USDT 3m
2025-07-09 00:29:50,417 - strategies - WARNING - Trend reversal detected for SOL/USDT RSI Divergence
2025-07-09 00:29:50,419 - strategies - WARNING - Momentum crash (RSI=43.0) for SOL/USDT
2025-07-09 00:29:50,419 - strategies - INFO - Generated RSI Divergence signal for SOL/USDT 3m
2025-07-09 00:30:06,042 - strategies - WARNING - Trend reversal detected for SOL/USDT RSI Divergence
2025-07-09 00:30:06,044 - strategies - WARNING - Momentum crash (RSI=43.6) for SOL/USDT
2025-07-09 00:30:06,044 - strategies - INFO - Generated RSI Divergence signal for SOL/USDT 3m
2025-07-09 00:32:51,902 - strategies - WARNING - Trend reversal detected for SOL/USDT RSI Divergence
2025-07-09 00:32:51,903 - strategies - WARNING - Momentum crash (RSI=38.9) for SOL/USDT
2025-07-09 00:32:51,904 - strategies - INFO - Generated RSI Divergence signal for SOL/USDT 3m
2025-07-09 00:32:52,072 - strategies - WARNING - Trend reversal detected for SOL/USDT Bollinger Band Squeeze
2025-07-09 00:32:52,074 - strategies - INFO - Generated Bollinger Band Squeeze signal for SOL/USDT 5m
2025-07-09 00:33:06,485 - strategies - WARNING - Trend reversal detected for BTC/USDT RSI Divergence
2025-07-09 00:33:06,487 - strategies - WARNING - Momentum crash (RSI=37.3) for BTC/USDT
2025-07-09 00:33:06,487 - strategies - INFO - Generated RSI Divergence signal for BTC/USDT 3m
2025-07-09 00:33:07,530 - strategies - WARNING - Trend reversal detected for SOL/USDT Bollinger Band Squeeze
2025-07-09 00:33:07,532 - strategies - INFO - Generated Bollinger Band Squeeze signal for SOL/USDT 5m
2025-07-09 00:35:52,399 - strategies - WARNING - Trend reversal detected for BTC/USDT RSI Divergence
2025-07-09 00:35:52,401 - strategies - WARNING - Momentum crash (RSI=36.6) for BTC/USDT
2025-07-09 00:35:52,401 - strategies - INFO - Generated RSI Divergence signal for BTC/USDT 3m
2025-07-09 00:35:53,542 - strategies - INFO - Generated EMA Cross signal for SOL/USDT 5m
2025-07-09 00:36:07,822 - strategies - WARNING - Trend reversal detected for BTC/USDT RSI Divergence
2025-07-09 00:36:07,824 - strategies - WARNING - Momentum crash (RSI=36.6) for BTC/USDT
2025-07-09 00:36:07,824 - strategies - INFO - Generated RSI Divergence signal for BTC/USDT 3m
2025-07-09 00:36:08,845 - strategies - INFO - Generated EMA Cross signal for SOL/USDT 5m
2025-07-09 00:38:53,853 - strategies - WARNING - Trend reversal detected for BTC/USDT RSI Divergence
2025-07-09 00:38:53,854 - strategies - WARNING - Momentum crash (RSI=42.2) for BTC/USDT
2025-07-09 00:38:53,854 - strategies - INFO - Generated RSI Divergence signal for BTC/USDT 3m
2025-07-09 00:38:54,887 - strategies - INFO - Generated EMA Cross signal for SOL/USDT 5m
2025-07-09 00:39:09,146 - strategies - WARNING - Trend reversal detected for BTC/USDT RSI Divergence
2025-07-09 00:39:09,147 - strategies - WARNING - Momentum crash (RSI=39.9) for BTC/USDT
2025-07-09 00:39:09,148 - strategies - INFO - Generated RSI Divergence signal for BTC/USDT 3m
2025-07-09 00:39:10,183 - strategies - INFO - Generated EMA Cross signal for SOL/USDT 5m
2025-07-09 00:41:55,189 - strategies - WARNING - Trend reversal detected for BTC/USDT RSI Divergence
2025-07-09 00:41:55,191 - strategies - INFO - Generated RSI Divergence signal for BTC/USDT 3m
2025-07-09 04:27:05,201 - strategies - INFO - VWAP Breakout: No valid signal for BTC/USDT 3m
2025-07-09 04:27:05,202 - strategies - INFO - EMA Cross: No valid signal for BTC/USDT 3m
2025-07-09 04:27:05,206 - strategies - INFO - RSI Divergence: No valid signal for BTC/USDT 3m
2025-07-09 04:27:05,207 - strategies - INFO - Support/Resistance Break: No valid signal for BTC/USDT 3m
2025-07-09 04:27:05,208 - strategies - INFO - Bollinger Squeeze: No valid signal for BTC/USDT 3m
2025-07-09 04:27:05,373 - strategies - INFO - VWAP Breakout: No valid signal for BTC/USDT 5m
2025-07-09 04:27:05,373 - strategies - INFO - EMA Cross: No valid signal for BTC/USDT 5m
2025-07-09 04:27:05,375 - strategies - INFO - RSI Divergence: No valid signal for BTC/USDT 5m
2025-07-09 04:27:05,376 - strategies - INFO - Support/Resistance Break: No valid signal for BTC/USDT 5m
2025-07-09 04:27:05,377 - strategies - INFO - Bollinger Squeeze: No valid signal for BTC/USDT 5m
2025-07-09 04:27:05,548 - strategies - INFO - VWAP Breakout: No valid signal for BTC/USDT 15m
2025-07-09 04:27:05,548 - strategies - INFO - EMA Cross: No valid signal for BTC/USDT 15m
2025-07-09 04:27:05,550 - strategies - INFO - RSI Divergence: No valid signal for BTC/USDT 15m
2025-07-09 04:27:05,551 - strategies - INFO - Support/Resistance Break: No valid signal for BTC/USDT 15m
2025-07-09 04:27:05,553 - strategies - INFO - Bollinger Squeeze: No valid signal for BTC/USDT 15m
2025-07-09 04:27:05,716 - strategies - INFO - VWAP Breakout: No valid signal for ETH/USDT 3m
2025-07-09 04:27:05,716 - strategies - INFO - EMA Cross: No valid signal for ETH/USDT 3m
2025-07-09 04:27:05,718 - strategies - INFO - RSI Divergence: No valid signal for ETH/USDT 3m
2025-07-09 04:27:05,719 - strategies - INFO - Support/Resistance Break: No valid signal for ETH/USDT 3m
2025-07-09 04:27:05,720 - strategies - INFO - Bollinger Squeeze: No valid signal for ETH/USDT 3m
2025-07-09 04:27:05,890 - strategies - INFO - VWAP Breakout: No valid signal for ETH/USDT 5m
2025-07-09 04:27:05,891 - strategies - INFO - EMA Cross: No valid signal for ETH/USDT 5m
2025-07-09 04:27:05,893 - strategies - INFO - RSI Divergence: No valid signal for ETH/USDT 5m
2025-07-09 04:27:05,894 - strategies - INFO - Support/Resistance Break: No valid signal for ETH/USDT 5m
2025-07-09 04:27:05,896 - strategies - INFO - Bollinger Squeeze: No valid signal for ETH/USDT 5m
2025-07-09 04:27:06,060 - strategies - INFO - VWAP Breakout: No valid signal for ETH/USDT 15m
2025-07-09 04:27:06,060 - strategies - INFO - EMA Cross: No valid signal for ETH/USDT 15m
2025-07-09 04:27:06,062 - strategies - INFO - RSI Divergence: No valid signal for ETH/USDT 15m
2025-07-09 04:27:06,063 - strategies - INFO - Support/Resistance Break: No valid signal for ETH/USDT 15m
2025-07-09 04:27:06,064 - strategies - INFO - Bollinger Squeeze: No valid signal for ETH/USDT 15m
2025-07-09 04:27:06,227 - strategies - INFO - VWAP Breakout: No valid signal for SOL/USDT 3m
2025-07-09 04:27:06,227 - strategies - INFO - EMA Cross: No valid signal for SOL/USDT 3m
2025-07-09 04:27:06,230 - strategies - INFO - RSI Divergence: No valid signal for SOL/USDT 3m
2025-07-09 04:27:06,230 - strategies - INFO - Support/Resistance Break: No valid signal for SOL/USDT 3m
2025-07-09 04:27:06,232 - strategies - INFO - Bollinger Squeeze: No valid signal for SOL/USDT 3m
2025-07-09 04:27:06,396 - strategies - INFO - VWAP Breakout: No valid signal for SOL/USDT 5m
2025-07-09 04:27:06,396 - strategies - INFO - EMA Cross: No valid signal for SOL/USDT 5m
2025-07-09 04:27:06,398 - strategies - INFO - RSI Divergence: No valid signal for SOL/USDT 5m
2025-07-09 04:27:06,399 - strategies - INFO - Support/Resistance Break: No valid signal for SOL/USDT 5m
2025-07-09 04:27:06,400 - strategies - INFO - Bollinger Squeeze: No valid signal for SOL/USDT 5m
2025-07-09 04:27:06,567 - strategies - INFO - VWAP Breakout: No valid signal for SOL/USDT 15m
2025-07-09 04:27:06,568 - strategies - INFO - EMA Cross: No valid signal for SOL/USDT 15m
2025-07-09 04:27:06,571 - strategies - INFO - RSI Divergence: No valid signal for SOL/USDT 15m
2025-07-09 04:27:06,571 - strategies - INFO - Support/Resistance Break: No valid signal for SOL/USDT 15m
2025-07-09 04:27:06,573 - strategies - INFO - Bollinger Squeeze: No valid signal for SOL/USDT 15m
2025-07-09 04:30:06,736 - strategies - INFO - VWAP Breakout: No valid signal for BTC/USDT 3m
2025-07-09 04:30:06,737 - strategies - INFO - EMA Cross: No valid signal for BTC/USDT 3m
2025-07-09 04:30:06,739 - strategies - INFO - RSI Divergence: No valid signal for BTC/USDT 3m
2025-07-09 04:30:06,740 - strategies - INFO - Support/Resistance Break: No valid signal for BTC/USDT 3m
2025-07-09 04:30:06,741 - strategies - INFO - Bollinger Squeeze: No valid signal for BTC/USDT 3m
2025-07-09 04:30:06,903 - strategies - INFO - VWAP Breakout: No valid signal for BTC/USDT 5m
2025-07-09 04:30:06,904 - strategies - INFO - EMA Cross: No valid signal for BTC/USDT 5m
2025-07-09 04:30:06,906 - strategies - INFO - RSI Divergence: No valid signal for BTC/USDT 5m
2025-07-09 04:30:06,907 - strategies - INFO - Support/Resistance Break: No valid signal for BTC/USDT 5m
2025-07-09 04:30:06,908 - strategies - INFO - Bollinger Squeeze: No valid signal for BTC/USDT 5m
2025-07-09 04:30:07,078 - strategies - INFO - VWAP Breakout: No valid signal for BTC/USDT 15m
2025-07-09 04:30:07,078 - strategies - INFO - EMA Cross: No valid signal for BTC/USDT 15m
2025-07-09 04:30:07,080 - strategies - INFO - RSI Divergence: No valid signal for BTC/USDT 15m
2025-07-09 04:30:07,081 - strategies - INFO - Support/Resistance Break: No valid signal for BTC/USDT 15m
2025-07-09 04:30:07,083 - strategies - INFO - Bollinger Squeeze: No valid signal for BTC/USDT 15m
2025-07-09 04:30:07,251 - strategies - INFO - VWAP Breakout: No valid signal for ETH/USDT 3m
2025-07-09 04:30:07,252 - strategies - INFO - EMA Cross: No valid signal for ETH/USDT 3m
2025-07-09 04:30:07,255 - strategies - INFO - RSI Divergence: No valid signal for ETH/USDT 3m
2025-07-09 04:30:07,255 - strategies - INFO - Support/Resistance Break: No valid signal for ETH/USDT 3m
2025-07-09 04:30:07,257 - strategies - INFO - Bollinger Squeeze: No valid signal for ETH/USDT 3m
2025-07-09 04:30:07,421 - strategies - INFO - VWAP Breakout: No valid signal for ETH/USDT 5m
2025-07-09 04:30:07,422 - strategies - INFO - EMA Cross: No valid signal for ETH/USDT 5m
2025-07-09 04:30:07,424 - strategies - INFO - RSI Divergence: No valid signal for ETH/USDT 5m
2025-07-09 04:30:07,424 - strategies - INFO - Support/Resistance Break: No valid signal for ETH/USDT 5m
2025-07-09 04:30:07,426 - strategies - INFO - Bollinger Squeeze: No valid signal for ETH/USDT 5m
2025-07-09 04:30:07,598 - strategies - INFO - VWAP Breakout: No valid signal for ETH/USDT 15m
2025-07-09 04:30:07,598 - strategies - INFO - EMA Cross: No valid signal for ETH/USDT 15m
2025-07-09 04:30:07,600 - strategies - INFO - RSI Divergence: No valid signal for ETH/USDT 15m
2025-07-09 04:30:07,601 - strategies - INFO - Support/Resistance Break: No valid signal for ETH/USDT 15m
2025-07-09 04:30:07,602 - strategies - INFO - Bollinger Squeeze: No valid signal for ETH/USDT 15m
2025-07-09 04:30:07,775 - strategies - INFO - VWAP Breakout: No valid signal for SOL/USDT 3m
2025-07-09 04:30:07,776 - strategies - INFO - EMA Cross: No valid signal for SOL/USDT 3m
2025-07-09 04:30:07,779 - strategies - INFO - RSI Divergence: No valid signal for SOL/USDT 3m
2025-07-09 04:30:07,781 - strategies - INFO - Support/Resistance Break: No valid signal for SOL/USDT 3m
2025-07-09 04:30:07,783 - strategies - INFO - Bollinger Squeeze: No valid signal for SOL/USDT 3m
2025-07-09 04:30:07,946 - strategies - INFO - VWAP Breakout: No valid signal for SOL/USDT 5m
2025-07-09 04:30:07,946 - strategies - INFO - EMA Cross: No valid signal for SOL/USDT 5m
2025-07-09 04:30:07,949 - strategies - INFO - RSI Divergence: No valid signal for SOL/USDT 5m
2025-07-09 04:30:07,950 - strategies - INFO - Support/Resistance Break: No valid signal for SOL/USDT 5m
2025-07-09 04:30:07,951 - strategies - INFO - Bollinger Squeeze: No valid signal for SOL/USDT 5m
2025-07-09 04:30:08,114 - strategies - INFO - VWAP Breakout: No valid signal for SOL/USDT 15m
2025-07-09 04:30:08,114 - strategies - INFO - EMA Cross: No valid signal for SOL/USDT 15m
2025-07-09 04:30:08,116 - strategies - INFO - RSI Divergence: No valid signal for SOL/USDT 15m
2025-07-09 04:30:08,117 - strategies - INFO - Support/Resistance Break: No valid signal for SOL/USDT 15m
2025-07-09 04:30:08,118 - strategies - INFO - Bollinger Squeeze: No valid signal for SOL/USDT 15m
2025-07-09 04:33:08,281 - strategies - INFO - VWAP Breakout: No valid signal for BTC/USDT 3m
2025-07-09 04:33:08,282 - strategies - INFO - EMA Cross: No valid signal for BTC/USDT 3m
2025-07-09 04:33:08,284 - strategies - INFO - RSI Divergence: No valid signal for BTC/USDT 3m
2025-07-09 04:33:08,285 - strategies - INFO - Support/Resistance Break: No valid signal for BTC/USDT 3m
2025-07-09 04:33:08,286 - strategies - INFO - Bollinger Squeeze: No valid signal for BTC/USDT 3m
2025-07-09 04:33:08,450 - strategies - INFO - VWAP Breakout: No valid signal for BTC/USDT 5m
2025-07-09 04:33:08,450 - strategies - INFO - EMA Cross: No valid signal for BTC/USDT 5m
2025-07-09 04:33:08,452 - strategies - INFO - RSI Divergence: No valid signal for BTC/USDT 5m
2025-07-09 04:33:08,453 - strategies - INFO - Support/Resistance Break: No valid signal for BTC/USDT 5m
2025-07-09 04:33:08,454 - strategies - INFO - Bollinger Squeeze: No valid signal for BTC/USDT 5m
2025-07-09 04:33:08,618 - strategies - INFO - VWAP Breakout: No valid signal for BTC/USDT 15m
2025-07-09 04:33:08,618 - strategies - INFO - EMA Cross: No valid signal for BTC/USDT 15m
2025-07-09 04:33:08,620 - strategies - INFO - RSI Divergence: No valid signal for BTC/USDT 15m
2025-07-09 04:33:08,621 - strategies - INFO - Support/Resistance Break: No valid signal for BTC/USDT 15m
2025-07-09 04:33:08,622 - strategies - INFO - Bollinger Squeeze: No valid signal for BTC/USDT 15m
2025-07-09 04:33:08,795 - strategies - INFO - VWAP Breakout: No valid signal for ETH/USDT 3m
2025-07-09 04:33:08,796 - strategies - INFO - EMA Cross: No valid signal for ETH/USDT 3m
2025-07-09 04:33:08,798 - strategies - INFO - RSI Divergence: No valid signal for ETH/USDT 3m
2025-07-09 04:33:08,798 - strategies - INFO - Support/Resistance Break: No valid signal for ETH/USDT 3m
2025-07-09 04:33:08,800 - strategies - INFO - Bollinger Squeeze: No valid signal for ETH/USDT 3m
2025-07-09 04:33:08,970 - strategies - INFO - VWAP Breakout: No valid signal for ETH/USDT 5m
2025-07-09 04:33:08,971 - strategies - INFO - EMA Cross: No valid signal for ETH/USDT 5m
2025-07-09 04:33:08,973 - strategies - INFO - RSI Divergence: No valid signal for ETH/USDT 5m
2025-07-09 04:33:08,974 - strategies - INFO - Support/Resistance Break: No valid signal for ETH/USDT 5m
2025-07-09 04:33:08,975 - strategies - INFO - Bollinger Squeeze: No valid signal for ETH/USDT 5m
2025-07-09 04:33:09,147 - strategies - INFO - VWAP Breakout: No valid signal for ETH/USDT 15m
2025-07-09 04:33:09,148 - strategies - INFO - EMA Cross: No valid signal for ETH/USDT 15m
2025-07-09 04:33:09,150 - strategies - INFO - RSI Divergence: No valid signal for ETH/USDT 15m
2025-07-09 04:33:09,150 - strategies - INFO - Support/Resistance Break: No valid signal for ETH/USDT 15m
2025-07-09 04:33:09,152 - strategies - INFO - Bollinger Squeeze: No valid signal for ETH/USDT 15m
2025-07-09 04:33:09,316 - strategies - INFO - VWAP Breakout: No valid signal for SOL/USDT 3m
2025-07-09 04:33:09,317 - strategies - INFO - EMA Cross: No valid signal for SOL/USDT 3m
2025-07-09 04:33:09,319 - strategies - INFO - RSI Divergence: No valid signal for SOL/USDT 3m
2025-07-09 04:33:09,319 - strategies - INFO - Support/Resistance Break: No valid signal for SOL/USDT 3m
2025-07-09 04:33:09,321 - strategies - INFO - Bollinger Squeeze: No valid signal for SOL/USDT 3m
2025-07-09 04:33:09,492 - strategies - INFO - VWAP Breakout: No valid signal for SOL/USDT 5m
2025-07-09 04:33:09,492 - strategies - INFO - EMA Cross: No valid signal for SOL/USDT 5m
2025-07-09 04:33:09,494 - strategies - INFO - RSI Divergence: No valid signal for SOL/USDT 5m
2025-07-09 04:33:09,495 - strategies - INFO - Support/Resistance Break: No valid signal for SOL/USDT 5m
2025-07-09 04:33:09,496 - strategies - INFO - Bollinger Squeeze: No valid signal for SOL/USDT 5m
2025-07-09 04:33:09,669 - strategies - INFO - VWAP Breakout: No valid signal for SOL/USDT 15m
2025-07-09 04:33:09,670 - strategies - INFO - EMA Cross: No valid signal for SOL/USDT 15m
2025-07-09 04:33:09,672 - strategies - INFO - RSI Divergence: No valid signal for SOL/USDT 15m
2025-07-09 04:33:09,673 - strategies - INFO - Support/Resistance Break: No valid signal for SOL/USDT 15m
2025-07-09 04:33:09,674 - strategies - INFO - Bollinger Squeeze: No valid signal for SOL/USDT 15m
